2020-04-24 13:52:49.117  INFO 3816 --- [main] kmsg.sta.adapter.MainAdapter             : Starting MainAdapter on DESKTOP-182RQ50 with PID 3816 (E:\Work\WorkSpace3\SchoolTeacherApp\target\classes started by Aman Singh in E:\Work\WorkSpace3\SchoolTeacherApp)
2020-04-24 13:52:49.148  INFO 3816 --- [main] kmsg.sta.adapter.MainAdapter             : The following profiles are active: dev
2020-04-24 13:52:49.304  INFO 3816 --- [main] ConfigServletWebServerApplicationContext : Refreshing org.springframework.boot.web.servlet.context.AnnotationConfigServletWebServerApplicationContext@471a9022: startup date [Fri Apr 24 13:52:49 IST 2020]; root of context hierarchy
2020-04-24 13:52:52.820  INFO 3816 --- [main] o.s.b.w.embedded.tomcat.TomcatWebServer  : Tomcat initialized with port(s): 8081 (http)
2020-04-24 13:52:52.998  INFO 3816 --- [main] o.apache.catalina.core.StandardService   : Starting service [Tomcat]
2020-04-24 13:52:52.998  INFO 3816 --- [main] org.apache.catalina.core.StandardEngine  : Starting Servlet Engine: Apache Tomcat/8.5.31
2020-04-24 13:52:53.030  INFO 3816 --- [localhost-startStop-1] o.a.catalina.core.AprLifecycleListener   : The APR based Apache Tomcat Native library which allows optimal performance in production environments was not found on the java.library.path: [C:\Program Files\Java\jre-9\bin;C:\Windows\Sun\Java\bin;C:\Windows\system32;C:\Windows;C:/Program Files/Java/jdk-13.0.1/bin/server;C:/Program Files/Java/jdk-13.0.1/bin;C:\ProgramData\Oracle\Java\javapath;C:\Windows\system32;C:\Windows;C:\Windows\System32\Wbem;C:\Windows\System32\WindowsPowerShell\v1.0\;C:\Windows\System32\OpenSSH\;C:\Program Files (x86)\NVIDIA Corporation\PhysX\Common;C:\Program Files\Java\jdk-9\bin;C:\Program Files\Java\jre-9\bin;C:\Program Files\PuTTY\;C:\Program Files\MySQL\MySQL Utilities 1.6\;C:\Program Files\nodejs\;C:\Users\amans\AppData\Local\Android\Sdk\tools;C:\Users\amans\AppData\Local\Android\Sdk\platform-tools;C:\Program Files\Java\jdk1.8.0_211\bin;C:\Program Files\Java\jre1.8.0_211\bin;C:\Program Files\Java\jdk1.7.0_80\bin;C:\Program Files\Java\jre7\bin;C:\Users\amans\AppData\Local\Programs\Python\Python38\Scripts;C:\Program Files\MySQL\MySQL Server 5.7\bin;C:\Program Files\CMake\bin;C:\Users\amans\anaconda3;C:\Users\amans\anaconda3\Library\mingw-w64\bin;C:\Users\amans\anaconda3\Library\usr\bin;C:\Users\amans\anaconda3\Library\bin;C:\Users\amans\anaconda3\Scripts;C:\Users\amans\AppData\Local\Microsoft\WindowsApps;C:\Users\amans\AppData\Roaming\npm;C:\Program Files\JetBrains\PyCharm Community Edition 2019.2.4\bin;;C:\Users\amans\AppData\Local\Programs\Python\Python38\Scripts;C:\Users\amans\AppData\Local\Programs\Python\Python38;E:\Work\eclipse;;.]
2020-04-24 13:52:53.248  INFO 3816 --- [localhost-startStop-1] o.a.c.c.C.[Tomcat].[localhost].[/]       : Initializing Spring embedded WebApplicationContext
2020-04-24 13:52:53.248  INFO 3816 --- [localhost-startStop-1] o.s.web.context.ContextLoader            : Root WebApplicationContext: initialization completed in 3944 ms
2020-04-24 13:52:53.673  INFO 3816 --- [localhost-startStop-1] o.s.b.w.servlet.ServletRegistrationBean  : Servlet dispatcherServlet mapped to [/]
2020-04-24 13:52:53.673  INFO 3816 --- [localhost-startStop-1] o.s.b.w.servlet.FilterRegistrationBean   : Mapping filter: 'characterEncodingFilter' to: [/*]
2020-04-24 13:52:53.688  INFO 3816 --- [localhost-startStop-1] o.s.b.w.servlet.FilterRegistrationBean   : Mapping filter: 'hiddenHttpMethodFilter' to: [/*]
2020-04-24 13:52:53.688  INFO 3816 --- [localhost-startStop-1] o.s.b.w.servlet.FilterRegistrationBean   : Mapping filter: 'httpPutFormContentFilter' to: [/*]
2020-04-24 13:52:53.688  INFO 3816 --- [localhost-startStop-1] o.s.b.w.servlet.FilterRegistrationBean   : Mapping filter: 'requestContextFilter' to: [/*]
2020-04-24 13:52:53.688  INFO 3816 --- [localhost-startStop-1] o.s.b.w.servlet.FilterRegistrationBean   : Mapping filter: 'CORSFilter' to: [/*]
2020-04-24 13:52:53.782  INFO 3816 --- [main] o.s.j.d.DriverManagerDataSource          : Loaded JDBC driver: com.mysql.jdbc.Driver
2020-04-24 13:52:53.782  INFO 3816 --- [main] o.s.j.d.DriverManagerDataSource          : Loaded JDBC driver: com.mysql.jdbc.Driver
2020-04-24 13:52:54.192  INFO 3816 --- [main] o.s.w.s.handler.SimpleUrlHandlerMapping  : Mapped URL path [/**/favicon.ico] onto handler of type [class org.springframework.web.servlet.resource.ResourceHttpRequestHandler]
2020-04-24 13:52:54.564  INFO 3816 --- [main] s.w.s.m.m.a.RequestMappingHandlerAdapter : Looking for @ControllerAdvice: org.springframework.boot.web.servlet.context.AnnotationConfigServletWebServerApplicationContext@471a9022: startup date [Fri Apr 24 13:52:49 IST 2020]; root of context hierarchy
2020-04-24 13:52:54.705  INFO 3816 --- [main] s.w.s.m.m.a.RequestMappingHandlerMapping : Mapped "{[/sta/tch/changepassword],methods=[POST],produces=[application/json]}" onto public java.util.Map<java.lang.String, java.lang.Object> kmsg.sta.login.svcimpl.TeacherLoginSvcImpl.changePassword(java.util.Map<java.lang.String, java.lang.String>,javax.servlet.http.HttpSession,javax.servlet.http.HttpServletRequest)
2020-04-24 13:52:54.721  INFO 3816 --- [main] s.w.s.m.m.a.RequestMappingHandlerMapping : Mapped "{[/sta/tch/login],methods=[POST],produces=[application/json]}" onto public java.util.Map<java.lang.String, java.lang.Object> kmsg.sta.login.svcimpl.TeacherLoginSvcImpl.TeacherLogin(java.util.Map<java.lang.String, java.lang.String>,javax.servlet.http.HttpSession,javax.servlet.http.HttpServletRequest,javax.servlet.http.HttpServletResponse)
2020-04-24 13:52:54.721  INFO 3816 --- [main] s.w.s.m.m.a.RequestMappingHandlerMapping : Mapped "{[/sta/tch/forgotpassword],methods=[POST],produces=[application/json]}" onto public java.util.Map<java.lang.String, java.lang.Object> kmsg.sta.login.svcimpl.TeacherLoginSvcImpl.forgotPassword(java.util.Map<java.lang.String, java.lang.String>,javax.servlet.http.HttpSession,javax.servlet.http.HttpServletRequest)
2020-04-24 13:52:54.721  INFO 3816 --- [main] s.w.s.m.m.a.RequestMappingHandlerMapping : Mapped "{[/sta/tasks/list],methods=[POST],produces=[application/json]}" onto public java.util.Map<java.lang.String, java.lang.Object> kmsg.sta.tasks.svcimpl.TasksSvcImpl.getTasksList(java.util.Map<java.lang.String, java.lang.String>,javax.servlet.http.HttpSession,javax.servlet.http.HttpServletRequest,javax.servlet.http.HttpServletResponse)
2020-04-24 13:52:54.721  INFO 3816 --- [main] s.w.s.m.m.a.RequestMappingHandlerMapping : Mapped "{[/sta/tasks/complete],methods=[POST],produces=[application/json]}" onto public java.util.Map<java.lang.String, java.lang.Object> kmsg.sta.tasks.svcimpl.TasksSvcImpl.completeTask(java.util.Map<java.lang.String, java.lang.String>,javax.servlet.http.HttpSession,javax.servlet.http.HttpServletRequest,javax.servlet.http.HttpServletResponse)
2020-04-24 13:52:54.736  INFO 3816 --- [main] s.w.s.m.m.a.RequestMappingHandlerMapping : Mapped "{[/error]}" onto public org.springframework.http.ResponseEntity<java.util.Map<java.lang.String, java.lang.Object>> org.springframework.boot.autoconfigure.web.servlet.error.BasicErrorController.error(javax.servlet.http.HttpServletRequest)
2020-04-24 13:52:54.736  INFO 3816 --- [main] s.w.s.m.m.a.RequestMappingHandlerMapping : Mapped "{[/error],produces=[text/html]}" onto public org.springframework.web.servlet.ModelAndView org.springframework.boot.autoconfigure.web.servlet.error.BasicErrorController.errorHtml(javax.servlet.http.HttpServletRequest,javax.servlet.http.HttpServletResponse)
2020-04-24 13:52:54.814  INFO 3816 --- [main] o.s.w.s.handler.SimpleUrlHandlerMapping  : Mapped URL path [/webjars/**] onto handler of type [class org.springframework.web.servlet.resource.ResourceHttpRequestHandler]
2020-04-24 13:52:54.814  INFO 3816 --- [main] o.s.w.s.handler.SimpleUrlHandlerMapping  : Mapped URL path [/**] onto handler of type [class org.springframework.web.servlet.resource.ResourceHttpRequestHandler]
2020-04-24 13:52:55.283  INFO 3816 --- [main] o.s.j.e.a.AnnotationMBeanExporter        : Registering beans for JMX exposure on startup
2020-04-24 13:52:55.379  INFO 3816 --- [main] o.s.b.w.embedded.tomcat.TomcatWebServer  : Tomcat started on port(s): 8081 (http) with context path ''
2020-04-24 13:52:55.379  INFO 3816 --- [main] kmsg.sta.adapter.MainAdapter             : Started MainAdapter in 7.24 seconds (JVM running for 8.29)
2020-04-24 13:54:13.658  INFO 3816 --- [http-nio-8081-exec-1] o.a.c.c.C.[Tomcat].[localhost].[/]       : Initializing Spring FrameworkServlet 'dispatcherServlet'
2020-04-24 13:54:13.662  INFO 3816 --- [http-nio-8081-exec-1] o.s.web.servlet.DispatcherServlet        : FrameworkServlet 'dispatcherServlet': initialization started
2020-04-24 13:54:13.773  INFO 3816 --- [http-nio-8081-exec-1] o.s.web.servlet.DispatcherServlet        : FrameworkServlet 'dispatcherServlet': initialization completed in 111 ms
2020-04-24 13:54:14.493  WARN 3816 --- [http-nio-8081-exec-1] o.a.c.util.SessionIdGeneratorBase        : Creation of SecureRandom instance for session ID generation using [SHA1PRNG] took [496] milliseconds.
2020-04-24 13:54:14.501  INFO 3816 --- [http-nio-8081-exec-1] debug.MISlogs                            : App forgotpassword service called from amansingh16597@gmail.com
2020-04-24 13:54:18.968 ERROR 3816 --- [http-nio-8081-exec-1] debug.MISlogs                            : Unable To Send Mail to userEmail: amansingh16597@gmail.com
2020-04-24 13:57:28.225  INFO 4744 --- [main] kmsg.sta.adapter.MainAdapter             : Starting MainAdapter on DESKTOP-182RQ50 with PID 4744 (E:\Work\WorkSpace3\SchoolTeacherApp\target\classes started by Aman Singh in E:\Work\WorkSpace3\SchoolTeacherApp)
2020-04-24 13:57:28.225  INFO 4744 --- [main] kmsg.sta.adapter.MainAdapter             : The following profiles are active: dev
2020-04-24 13:57:28.350  INFO 4744 --- [main] ConfigServletWebServerApplicationContext : Refreshing org.springframework.boot.web.servlet.context.AnnotationConfigServletWebServerApplicationContext@e25951c: startup date [Fri Apr 24 13:57:28 IST 2020]; root of context hierarchy
2020-04-24 13:57:31.476  INFO 4744 --- [main] o.s.b.w.embedded.tomcat.TomcatWebServer  : Tomcat initialized with port(s): 8081 (http)
2020-04-24 13:57:31.538  INFO 4744 --- [main] o.apache.catalina.core.StandardService   : Starting service [Tomcat]
2020-04-24 13:57:31.538  INFO 4744 --- [main] org.apache.catalina.core.StandardEngine  : Starting Servlet Engine: Apache Tomcat/8.5.31
2020-04-24 13:57:31.554  INFO 4744 --- [localhost-startStop-1] o.a.catalina.core.AprLifecycleListener   : The APR based Apache Tomcat Native library which allows optimal performance in production environments was not found on the java.library.path: [C:\Program Files\Java\jre-9\bin;C:\Windows\Sun\Java\bin;C:\Windows\system32;C:\Windows;C:/Program Files/Java/jdk-13.0.1/bin/server;C:/Program Files/Java/jdk-13.0.1/bin;C:\ProgramData\Oracle\Java\javapath;C:\Windows\system32;C:\Windows;C:\Windows\System32\Wbem;C:\Windows\System32\WindowsPowerShell\v1.0\;C:\Windows\System32\OpenSSH\;C:\Program Files (x86)\NVIDIA Corporation\PhysX\Common;C:\Program Files\Java\jdk-9\bin;C:\Program Files\Java\jre-9\bin;C:\Program Files\PuTTY\;C:\Program Files\MySQL\MySQL Utilities 1.6\;C:\Program Files\nodejs\;C:\Users\amans\AppData\Local\Android\Sdk\tools;C:\Users\amans\AppData\Local\Android\Sdk\platform-tools;C:\Program Files\Java\jdk1.8.0_211\bin;C:\Program Files\Java\jre1.8.0_211\bin;C:\Program Files\Java\jdk1.7.0_80\bin;C:\Program Files\Java\jre7\bin;C:\Users\amans\AppData\Local\Programs\Python\Python38\Scripts;C:\Program Files\MySQL\MySQL Server 5.7\bin;C:\Program Files\CMake\bin;C:\Users\amans\anaconda3;C:\Users\amans\anaconda3\Library\mingw-w64\bin;C:\Users\amans\anaconda3\Library\usr\bin;C:\Users\amans\anaconda3\Library\bin;C:\Users\amans\anaconda3\Scripts;C:\Users\amans\AppData\Local\Microsoft\WindowsApps;C:\Users\amans\AppData\Roaming\npm;C:\Program Files\JetBrains\PyCharm Community Edition 2019.2.4\bin;;C:\Users\amans\AppData\Local\Programs\Python\Python38\Scripts;C:\Users\amans\AppData\Local\Programs\Python\Python38;E:\Work\eclipse;;.]
2020-04-24 13:57:31.820  INFO 4744 --- [localhost-startStop-1] o.a.c.c.C.[Tomcat].[localhost].[/]       : Initializing Spring embedded WebApplicationContext
2020-04-24 13:57:31.820  INFO 4744 --- [localhost-startStop-1] o.s.web.context.ContextLoader            : Root WebApplicationContext: initialization completed in 3470 ms
2020-04-24 13:57:32.101  INFO 4744 --- [localhost-startStop-1] o.s.b.w.servlet.ServletRegistrationBean  : Servlet dispatcherServlet mapped to [/]
2020-04-24 13:57:32.117  INFO 4744 --- [localhost-startStop-1] o.s.b.w.servlet.FilterRegistrationBean   : Mapping filter: 'characterEncodingFilter' to: [/*]
2020-04-24 13:57:32.117  INFO 4744 --- [localhost-startStop-1] o.s.b.w.servlet.FilterRegistrationBean   : Mapping filter: 'hiddenHttpMethodFilter' to: [/*]
2020-04-24 13:57:32.117  INFO 4744 --- [localhost-startStop-1] o.s.b.w.servlet.FilterRegistrationBean   : Mapping filter: 'httpPutFormContentFilter' to: [/*]
2020-04-24 13:57:32.117  INFO 4744 --- [localhost-startStop-1] o.s.b.w.servlet.FilterRegistrationBean   : Mapping filter: 'requestContextFilter' to: [/*]
2020-04-24 13:57:32.117  INFO 4744 --- [localhost-startStop-1] o.s.b.w.servlet.FilterRegistrationBean   : Mapping filter: 'CORSFilter' to: [/*]
2020-04-24 13:57:32.242  INFO 4744 --- [main] o.s.j.d.DriverManagerDataSource          : Loaded JDBC driver: com.mysql.jdbc.Driver
2020-04-24 13:57:32.257  INFO 4744 --- [main] o.s.j.d.DriverManagerDataSource          : Loaded JDBC driver: com.mysql.jdbc.Driver
2020-04-24 13:57:32.601  INFO 4744 --- [main] o.s.w.s.handler.SimpleUrlHandlerMapping  : Mapped URL path [/**/favicon.ico] onto handler of type [class org.springframework.web.servlet.resource.ResourceHttpRequestHandler]
2020-04-24 13:57:32.948  INFO 4744 --- [main] s.w.s.m.m.a.RequestMappingHandlerAdapter : Looking for @ControllerAdvice: org.springframework.boot.web.servlet.context.AnnotationConfigServletWebServerApplicationContext@e25951c: startup date [Fri Apr 24 13:57:28 IST 2020]; root of context hierarchy
2020-04-24 13:57:33.104  INFO 4744 --- [main] s.w.s.m.m.a.RequestMappingHandlerMapping : Mapped "{[/sta/tch/forgotpassword],methods=[POST],produces=[application/json]}" onto public java.util.Map<java.lang.String, java.lang.Object> kmsg.sta.login.svcimpl.TeacherLoginSvcImpl.forgotPassword(java.util.Map<java.lang.String, java.lang.String>,javax.servlet.http.HttpSession,javax.servlet.http.HttpServletRequest)
2020-04-24 13:57:33.104  INFO 4744 --- [main] s.w.s.m.m.a.RequestMappingHandlerMapping : Mapped "{[/sta/tch/changepassword],methods=[POST],produces=[application/json]}" onto public java.util.Map<java.lang.String, java.lang.Object> kmsg.sta.login.svcimpl.TeacherLoginSvcImpl.changePassword(java.util.Map<java.lang.String, java.lang.String>,javax.servlet.http.HttpSession,javax.servlet.http.HttpServletRequest)
2020-04-24 13:57:33.104  INFO 4744 --- [main] s.w.s.m.m.a.RequestMappingHandlerMapping : Mapped "{[/sta/tch/login],methods=[POST],produces=[application/json]}" onto public java.util.Map<java.lang.String, java.lang.Object> kmsg.sta.login.svcimpl.TeacherLoginSvcImpl.TeacherLogin(java.util.Map<java.lang.String, java.lang.String>,javax.servlet.http.HttpSession,javax.servlet.http.HttpServletRequest,javax.servlet.http.HttpServletResponse)
2020-04-24 13:57:33.120  INFO 4744 --- [main] s.w.s.m.m.a.RequestMappingHandlerMapping : Mapped "{[/sta/tasks/list],methods=[POST],produces=[application/json]}" onto public java.util.Map<java.lang.String, java.lang.Object> kmsg.sta.tasks.svcimpl.TasksSvcImpl.getTasksList(java.util.Map<java.lang.String, java.lang.String>,javax.servlet.http.HttpSession,javax.servlet.http.HttpServletRequest,javax.servlet.http.HttpServletResponse)
2020-04-24 13:57:33.120  INFO 4744 --- [main] s.w.s.m.m.a.RequestMappingHandlerMapping : Mapped "{[/sta/tasks/complete],methods=[POST],produces=[application/json]}" onto public java.util.Map<java.lang.String, java.lang.Object> kmsg.sta.tasks.svcimpl.TasksSvcImpl.completeTask(java.util.Map<java.lang.String, java.lang.String>,javax.servlet.http.HttpSession,javax.servlet.http.HttpServletRequest,javax.servlet.http.HttpServletResponse)
2020-04-24 13:57:33.120  INFO 4744 --- [main] s.w.s.m.m.a.RequestMappingHandlerMapping : Mapped "{[/error]}" onto public org.springframework.http.ResponseEntity<java.util.Map<java.lang.String, java.lang.Object>> org.springframework.boot.autoconfigure.web.servlet.error.BasicErrorController.error(javax.servlet.http.HttpServletRequest)
2020-04-24 13:57:33.120  INFO 4744 --- [main] s.w.s.m.m.a.RequestMappingHandlerMapping : Mapped "{[/error],produces=[text/html]}" onto public org.springframework.web.servlet.ModelAndView org.springframework.boot.autoconfigure.web.servlet.error.BasicErrorController.errorHtml(javax.servlet.http.HttpServletRequest,javax.servlet.http.HttpServletResponse)
2020-04-24 13:57:33.182  INFO 4744 --- [main] o.s.w.s.handler.SimpleUrlHandlerMapping  : Mapped URL path [/webjars/**] onto handler of type [class org.springframework.web.servlet.resource.ResourceHttpRequestHandler]
2020-04-24 13:57:33.182  INFO 4744 --- [main] o.s.w.s.handler.SimpleUrlHandlerMapping  : Mapped URL path [/**] onto handler of type [class org.springframework.web.servlet.resource.ResourceHttpRequestHandler]
2020-04-24 13:57:33.588  INFO 4744 --- [main] o.s.j.e.a.AnnotationMBeanExporter        : Registering beans for JMX exposure on startup
2020-04-24 13:57:33.635 ERROR 4744 --- [main] o.apache.catalina.core.StandardService   : Failed to start connector [Connector[HTTP/1.1-8081]]

org.apache.catalina.LifecycleException: Failed to start component [Connector[HTTP/1.1-8081]]
	at org.apache.catalina.util.LifecycleBase.start(LifecycleBase.java:167) ~[tomcat-embed-core-8.5.31.jar:8.5.31]
	at org.apache.catalina.core.StandardService.addConnector(StandardService.java:225) ~[tomcat-embed-core-8.5.31.jar:8.5.31]
	at org.springframework.boot.web.embedded.tomcat.TomcatWebServer.addPreviouslyRemovedConnectors(TomcatWebServer.java:256) [spring-boot-2.0.3.RELEASE.jar:2.0.3.RELEASE]
	at org.springframework.boot.web.embedded.tomcat.TomcatWebServer.start(TomcatWebServer.java:198) [spring-boot-2.0.3.RELEASE.jar:2.0.3.RELEASE]
	at org.springframework.boot.web.servlet.context.ServletWebServerApplicationContext.startWebServer(ServletWebServerApplicationContext.java:300) [spring-boot-2.0.3.RELEASE.jar:2.0.3.RELEASE]
	at org.springframework.boot.web.servlet.context.ServletWebServerApplicationContext.finishRefresh(ServletWebServerApplicationContext.java:162) [spring-boot-2.0.3.RELEASE.jar:2.0.3.RELEASE]
	at org.springframework.context.support.AbstractApplicationContext.refresh(AbstractApplicationContext.java:553) [spring-context-5.0.7.RELEASE.jar:5.0.7.RELEASE]
	at org.springframework.boot.web.servlet.context.ServletWebServerApplicationContext.refresh(ServletWebServerApplicationContext.java:140) [spring-boot-2.0.3.RELEASE.jar:2.0.3.RELEASE]
	at org.springframework.boot.SpringApplication.refresh(SpringApplication.java:759) [spring-boot-2.0.3.RELEASE.jar:2.0.3.RELEASE]
	at org.springframework.boot.SpringApplication.refreshContext(SpringApplication.java:395) [spring-boot-2.0.3.RELEASE.jar:2.0.3.RELEASE]
	at org.springframework.boot.SpringApplication.run(SpringApplication.java:327) [spring-boot-2.0.3.RELEASE.jar:2.0.3.RELEASE]
	at org.springframework.boot.SpringApplication.run(SpringApplication.java:1255) [spring-boot-2.0.3.RELEASE.jar:2.0.3.RELEASE]
	at org.springframework.boot.SpringApplication.run(SpringApplication.java:1243) [spring-boot-2.0.3.RELEASE.jar:2.0.3.RELEASE]
	at kmsg.sta.adapter.MainAdapter.main(MainAdapter.java:12) [classes/:na]
Caused by: org.apache.catalina.LifecycleException: Protocol handler start failed
	at org.apache.catalina.connector.Connector.startInternal(Connector.java:1020) ~[tomcat-embed-core-8.5.31.jar:8.5.31]
	at org.apache.catalina.util.LifecycleBase.start(LifecycleBase.java:150) ~[tomcat-embed-core-8.5.31.jar:8.5.31]
	... 13 common frames omitted
Caused by: java.net.BindException: Address already in use: bind
	at java.base/sun.nio.ch.Net.bind0(Native Method) ~[na:na]
	at java.base/sun.nio.ch.Net.bind(Unknown Source) ~[na:na]
	at java.base/sun.nio.ch.Net.bind(Unknown Source) ~[na:na]
	at java.base/sun.nio.ch.ServerSocketChannelImpl.bind(Unknown Source) ~[na:na]
	at java.base/sun.nio.ch.ServerSocketAdaptor.bind(Unknown Source) ~[na:na]
	at org.apache.tomcat.util.net.NioEndpoint.bind(NioEndpoint.java:210) ~[tomcat-embed-core-8.5.31.jar:8.5.31]
	at org.apache.tomcat.util.net.AbstractEndpoint.start(AbstractEndpoint.java:1150) ~[tomcat-embed-core-8.5.31.jar:8.5.31]
	at org.apache.coyote.AbstractProtocol.start(AbstractProtocol.java:591) ~[tomcat-embed-core-8.5.31.jar:8.5.31]
	at org.apache.catalina.connector.Connector.startInternal(Connector.java:1018) ~[tomcat-embed-core-8.5.31.jar:8.5.31]
	... 14 common frames omitted

2020-04-24 13:57:33.651  INFO 4744 --- [main] o.apache.catalina.core.StandardService   : Stopping service [Tomcat]
2020-04-24 13:57:33.682  INFO 4744 --- [main] ConditionEvaluationReportLoggingListener : 

Error starting ApplicationContext. To display the conditions report re-run your application with 'debug' enabled.
2020-04-24 13:57:33.682 ERROR 4744 --- [main] o.s.b.d.LoggingFailureAnalysisReporter   : 

***************************
APPLICATION FAILED TO START
***************************

Description:

The Tomcat connector configured to listen on port 8081 failed to start. The port may already be in use or the connector may be misconfigured.

Action:

Verify the connector's configuration, identify and stop any process that's listening on port 8081, or configure this application to listen on another port.

2020-04-24 13:57:33.682  INFO 4744 --- [main] ConfigServletWebServerApplicationContext : Closing org.springframework.boot.web.servlet.context.AnnotationConfigServletWebServerApplicationContext@e25951c: startup date [Fri Apr 24 13:57:28 IST 2020]; root of context hierarchy
2020-04-24 13:57:33.698  INFO 4744 --- [main] o.s.j.e.a.AnnotationMBeanExporter        : Unregistering JMX-exposed beans on shutdown
2020-04-24 13:57:42.107  INFO 6900 --- [main] kmsg.sta.adapter.MainAdapter             : Starting MainAdapter on DESKTOP-182RQ50 with PID 6900 (E:\Work\WorkSpace3\SchoolTeacherApp\target\classes started by Aman Singh in E:\Work\WorkSpace3\SchoolTeacherApp)
2020-04-24 13:57:42.122  INFO 6900 --- [main] kmsg.sta.adapter.MainAdapter             : The following profiles are active: dev
2020-04-24 13:57:42.247  INFO 6900 --- [main] ConfigServletWebServerApplicationContext : Refreshing org.springframework.boot.web.servlet.context.AnnotationConfigServletWebServerApplicationContext@a1f72f5: startup date [Fri Apr 24 13:57:42 IST 2020]; root of context hierarchy
2020-04-24 13:57:45.354  INFO 6900 --- [main] o.s.b.w.embedded.tomcat.TomcatWebServer  : Tomcat initialized with port(s): 8081 (http)
2020-04-24 13:57:45.480  INFO 6900 --- [main] o.apache.catalina.core.StandardService   : Starting service [Tomcat]
2020-04-24 13:57:45.480  INFO 6900 --- [main] org.apache.catalina.core.StandardEngine  : Starting Servlet Engine: Apache Tomcat/8.5.31
2020-04-24 13:57:45.496  INFO 6900 --- [localhost-startStop-1] o.a.catalina.core.AprLifecycleListener   : The APR based Apache Tomcat Native library which allows optimal performance in production environments was not found on the java.library.path: [C:\Program Files\Java\jre-9\bin;C:\Windows\Sun\Java\bin;C:\Windows\system32;C:\Windows;C:/Program Files/Java/jdk-13.0.1/bin/server;C:/Program Files/Java/jdk-13.0.1/bin;C:\ProgramData\Oracle\Java\javapath;C:\Windows\system32;C:\Windows;C:\Windows\System32\Wbem;C:\Windows\System32\WindowsPowerShell\v1.0\;C:\Windows\System32\OpenSSH\;C:\Program Files (x86)\NVIDIA Corporation\PhysX\Common;C:\Program Files\Java\jdk-9\bin;C:\Program Files\Java\jre-9\bin;C:\Program Files\PuTTY\;C:\Program Files\MySQL\MySQL Utilities 1.6\;C:\Program Files\nodejs\;C:\Users\amans\AppData\Local\Android\Sdk\tools;C:\Users\amans\AppData\Local\Android\Sdk\platform-tools;C:\Program Files\Java\jdk1.8.0_211\bin;C:\Program Files\Java\jre1.8.0_211\bin;C:\Program Files\Java\jdk1.7.0_80\bin;C:\Program Files\Java\jre7\bin;C:\Users\amans\AppData\Local\Programs\Python\Python38\Scripts;C:\Program Files\MySQL\MySQL Server 5.7\bin;C:\Program Files\CMake\bin;C:\Users\amans\anaconda3;C:\Users\amans\anaconda3\Library\mingw-w64\bin;C:\Users\amans\anaconda3\Library\usr\bin;C:\Users\amans\anaconda3\Library\bin;C:\Users\amans\anaconda3\Scripts;C:\Users\amans\AppData\Local\Microsoft\WindowsApps;C:\Users\amans\AppData\Roaming\npm;C:\Program Files\JetBrains\PyCharm Community Edition 2019.2.4\bin;;C:\Users\amans\AppData\Local\Programs\Python\Python38\Scripts;C:\Users\amans\AppData\Local\Programs\Python\Python38;E:\Work\eclipse;;.]
2020-04-24 13:57:45.824  INFO 6900 --- [localhost-startStop-1] o.a.c.c.C.[Tomcat].[localhost].[/]       : Initializing Spring embedded WebApplicationContext
2020-04-24 13:57:45.824  INFO 6900 --- [localhost-startStop-1] o.s.web.context.ContextLoader            : Root WebApplicationContext: initialization completed in 3577 ms
2020-04-24 13:57:46.214  INFO 6900 --- [localhost-startStop-1] o.s.b.w.servlet.ServletRegistrationBean  : Servlet dispatcherServlet mapped to [/]
2020-04-24 13:57:46.230  INFO 6900 --- [localhost-startStop-1] o.s.b.w.servlet.FilterRegistrationBean   : Mapping filter: 'characterEncodingFilter' to: [/*]
2020-04-24 13:57:46.230  INFO 6900 --- [localhost-startStop-1] o.s.b.w.servlet.FilterRegistrationBean   : Mapping filter: 'hiddenHttpMethodFilter' to: [/*]
2020-04-24 13:57:46.246  INFO 6900 --- [localhost-startStop-1] o.s.b.w.servlet.FilterRegistrationBean   : Mapping filter: 'httpPutFormContentFilter' to: [/*]
2020-04-24 13:57:46.246  INFO 6900 --- [localhost-startStop-1] o.s.b.w.servlet.FilterRegistrationBean   : Mapping filter: 'requestContextFilter' to: [/*]
2020-04-24 13:57:46.246  INFO 6900 --- [localhost-startStop-1] o.s.b.w.servlet.FilterRegistrationBean   : Mapping filter: 'CORSFilter' to: [/*]
2020-04-24 13:57:46.403  INFO 6900 --- [main] o.s.j.d.DriverManagerDataSource          : Loaded JDBC driver: com.mysql.jdbc.Driver
2020-04-24 13:57:46.410  INFO 6900 --- [main] o.s.j.d.DriverManagerDataSource          : Loaded JDBC driver: com.mysql.jdbc.Driver
2020-04-24 13:57:46.785  INFO 6900 --- [main] o.s.w.s.handler.SimpleUrlHandlerMapping  : Mapped URL path [/**/favicon.ico] onto handler of type [class org.springframework.web.servlet.resource.ResourceHttpRequestHandler]
2020-04-24 13:57:47.129  INFO 6900 --- [main] s.w.s.m.m.a.RequestMappingHandlerAdapter : Looking for @ControllerAdvice: org.springframework.boot.web.servlet.context.AnnotationConfigServletWebServerApplicationContext@a1f72f5: startup date [Fri Apr 24 13:57:42 IST 2020]; root of context hierarchy
2020-04-24 13:57:47.347  INFO 6900 --- [main] s.w.s.m.m.a.RequestMappingHandlerMapping : Mapped "{[/sta/tch/login],methods=[POST],produces=[application/json]}" onto public java.util.Map<java.lang.String, java.lang.Object> kmsg.sta.login.svcimpl.TeacherLoginSvcImpl.TeacherLogin(java.util.Map<java.lang.String, java.lang.String>,javax.servlet.http.HttpSession,javax.servlet.http.HttpServletRequest,javax.servlet.http.HttpServletResponse)
2020-04-24 13:57:47.347  INFO 6900 --- [main] s.w.s.m.m.a.RequestMappingHandlerMapping : Mapped "{[/sta/tch/changepassword],methods=[POST],produces=[application/json]}" onto public java.util.Map<java.lang.String, java.lang.Object> kmsg.sta.login.svcimpl.TeacherLoginSvcImpl.changePassword(java.util.Map<java.lang.String, java.lang.String>,javax.servlet.http.HttpSession,javax.servlet.http.HttpServletRequest)
2020-04-24 13:57:47.347  INFO 6900 --- [main] s.w.s.m.m.a.RequestMappingHandlerMapping : Mapped "{[/sta/tch/forgotpassword],methods=[POST],produces=[application/json]}" onto public java.util.Map<java.lang.String, java.lang.Object> kmsg.sta.login.svcimpl.TeacherLoginSvcImpl.forgotPassword(java.util.Map<java.lang.String, java.lang.String>,javax.servlet.http.HttpSession,javax.servlet.http.HttpServletRequest)
2020-04-24 13:57:47.363  INFO 6900 --- [main] s.w.s.m.m.a.RequestMappingHandlerMapping : Mapped "{[/sta/tasks/complete],methods=[POST],produces=[application/json]}" onto public java.util.Map<java.lang.String, java.lang.Object> kmsg.sta.tasks.svcimpl.TasksSvcImpl.completeTask(java.util.Map<java.lang.String, java.lang.String>,javax.servlet.http.HttpSession,javax.servlet.http.HttpServletRequest,javax.servlet.http.HttpServletResponse)
2020-04-24 13:57:47.363  INFO 6900 --- [main] s.w.s.m.m.a.RequestMappingHandlerMapping : Mapped "{[/sta/tasks/list],methods=[POST],produces=[application/json]}" onto public java.util.Map<java.lang.String, java.lang.Object> kmsg.sta.tasks.svcimpl.TasksSvcImpl.getTasksList(java.util.Map<java.lang.String, java.lang.String>,javax.servlet.http.HttpSession,javax.servlet.http.HttpServletRequest,javax.servlet.http.HttpServletResponse)
2020-04-24 13:57:47.394  INFO 6900 --- [main] s.w.s.m.m.a.RequestMappingHandlerMapping : Mapped "{[/error]}" onto public org.springframework.http.ResponseEntity<java.util.Map<java.lang.String, java.lang.Object>> org.springframework.boot.autoconfigure.web.servlet.error.BasicErrorController.error(javax.servlet.http.HttpServletRequest)
2020-04-24 13:57:47.394  INFO 6900 --- [main] s.w.s.m.m.a.RequestMappingHandlerMapping : Mapped "{[/error],produces=[text/html]}" onto public org.springframework.web.servlet.ModelAndView org.springframework.boot.autoconfigure.web.servlet.error.BasicErrorController.errorHtml(javax.servlet.http.HttpServletRequest,javax.servlet.http.HttpServletResponse)
2020-04-24 13:57:47.535  INFO 6900 --- [main] o.s.w.s.handler.SimpleUrlHandlerMapping  : Mapped URL path [/webjars/**] onto handler of type [class org.springframework.web.servlet.resource.ResourceHttpRequestHandler]
2020-04-24 13:57:47.551  INFO 6900 --- [main] o.s.w.s.handler.SimpleUrlHandlerMapping  : Mapped URL path [/**] onto handler of type [class org.springframework.web.servlet.resource.ResourceHttpRequestHandler]
2020-04-24 13:57:47.912  INFO 6900 --- [main] o.s.j.e.a.AnnotationMBeanExporter        : Registering beans for JMX exposure on startup
2020-04-24 13:57:47.990  INFO 6900 --- [main] o.s.b.w.embedded.tomcat.TomcatWebServer  : Tomcat started on port(s): 8081 (http) with context path ''
2020-04-24 13:57:48.006  INFO 6900 --- [main] kmsg.sta.adapter.MainAdapter             : Started MainAdapter in 6.764 seconds (JVM running for 7.572)
2020-04-24 13:57:53.847  INFO 6900 --- [http-nio-8081-exec-1] o.a.c.c.C.[Tomcat].[localhost].[/]       : Initializing Spring FrameworkServlet 'dispatcherServlet'
2020-04-24 13:57:53.847  INFO 6900 --- [http-nio-8081-exec-1] o.s.web.servlet.DispatcherServlet        : FrameworkServlet 'dispatcherServlet': initialization started
2020-04-24 13:57:53.910  INFO 6900 --- [http-nio-8081-exec-1] o.s.web.servlet.DispatcherServlet        : FrameworkServlet 'dispatcherServlet': initialization completed in 55 ms
2020-04-24 13:57:54.510  WARN 6900 --- [http-nio-8081-exec-1] o.a.c.util.SessionIdGeneratorBase        : Creation of SecureRandom instance for session ID generation using [SHA1PRNG] took [488] milliseconds.
2020-04-24 13:57:54.514  INFO 6900 --- [http-nio-8081-exec-1] debug.MISlogs                            : App forgotpassword service called from amansingh16597@gmail.com
2020-04-24 13:58:02.384  INFO 6900 --- [http-nio-8081-exec-1] debug.MISlogs                            : Check your Email for new password for emailId amansingh16597@gmail.com
2020-04-24 13:58:38.282  INFO 6900 --- [http-nio-8081-exec-3] debug.MISlogs                            : App Login service called from null
2020-04-24 14:00:18.610  INFO 11800 --- [main] kmsg.sta.adapter.MainAdapter             : Starting MainAdapter on DESKTOP-182RQ50 with PID 11800 (E:\Work\WorkSpace3\SchoolTeacherApp\target\classes started by Aman Singh in E:\Work\WorkSpace3\SchoolTeacherApp)
2020-04-24 14:00:18.610  INFO 11800 --- [main] kmsg.sta.adapter.MainAdapter             : The following profiles are active: dev
2020-04-24 14:00:18.735  INFO 11800 --- [main] ConfigServletWebServerApplicationContext : Refreshing org.springframework.boot.web.servlet.context.AnnotationConfigServletWebServerApplicationContext@e25951c: startup date [Fri Apr 24 14:00:18 IST 2020]; root of context hierarchy
2020-04-24 14:00:21.968  INFO 11800 --- [main] o.s.b.w.embedded.tomcat.TomcatWebServer  : Tomcat initialized with port(s): 8081 (http)
2020-04-24 14:00:22.041  INFO 11800 --- [main] o.apache.catalina.core.StandardService   : Starting service [Tomcat]
2020-04-24 14:00:22.041  INFO 11800 --- [main] org.apache.catalina.core.StandardEngine  : Starting Servlet Engine: Apache Tomcat/8.5.31
2020-04-24 14:00:22.120  INFO 11800 --- [localhost-startStop-1] o.a.catalina.core.AprLifecycleListener   : The APR based Apache Tomcat Native library which allows optimal performance in production environments was not found on the java.library.path: [C:\Program Files\Java\jre-9\bin;C:\Windows\Sun\Java\bin;C:\Windows\system32;C:\Windows;C:/Program Files/Java/jdk-13.0.1/bin/server;C:/Program Files/Java/jdk-13.0.1/bin;C:\ProgramData\Oracle\Java\javapath;C:\Windows\system32;C:\Windows;C:\Windows\System32\Wbem;C:\Windows\System32\WindowsPowerShell\v1.0\;C:\Windows\System32\OpenSSH\;C:\Program Files (x86)\NVIDIA Corporation\PhysX\Common;C:\Program Files\Java\jdk-9\bin;C:\Program Files\Java\jre-9\bin;C:\Program Files\PuTTY\;C:\Program Files\MySQL\MySQL Utilities 1.6\;C:\Program Files\nodejs\;C:\Users\amans\AppData\Local\Android\Sdk\tools;C:\Users\amans\AppData\Local\Android\Sdk\platform-tools;C:\Program Files\Java\jdk1.8.0_211\bin;C:\Program Files\Java\jre1.8.0_211\bin;C:\Program Files\Java\jdk1.7.0_80\bin;C:\Program Files\Java\jre7\bin;C:\Users\amans\AppData\Local\Programs\Python\Python38\Scripts;C:\Program Files\MySQL\MySQL Server 5.7\bin;C:\Program Files\CMake\bin;C:\Users\amans\anaconda3;C:\Users\amans\anaconda3\Library\mingw-w64\bin;C:\Users\amans\anaconda3\Library\usr\bin;C:\Users\amans\anaconda3\Library\bin;C:\Users\amans\anaconda3\Scripts;C:\Users\amans\AppData\Local\Microsoft\WindowsApps;C:\Users\amans\AppData\Roaming\npm;C:\Program Files\JetBrains\PyCharm Community Edition 2019.2.4\bin;;C:\Users\amans\AppData\Local\Programs\Python\Python38\Scripts;C:\Users\amans\AppData\Local\Programs\Python\Python38;E:\Work\eclipse;;.]
2020-04-24 14:00:22.323  INFO 11800 --- [localhost-startStop-1] o.a.c.c.C.[Tomcat].[localhost].[/]       : Initializing Spring embedded WebApplicationContext
2020-04-24 14:00:22.323  INFO 11800 --- [localhost-startStop-1] o.s.web.context.ContextLoader            : Root WebApplicationContext: initialization completed in 3588 ms
2020-04-24 14:00:22.573  INFO 11800 --- [localhost-startStop-1] o.s.b.w.servlet.ServletRegistrationBean  : Servlet dispatcherServlet mapped to [/]
2020-04-24 14:00:22.588  INFO 11800 --- [localhost-startStop-1] o.s.b.w.servlet.FilterRegistrationBean   : Mapping filter: 'characterEncodingFilter' to: [/*]
2020-04-24 14:00:22.588  INFO 11800 --- [localhost-startStop-1] o.s.b.w.servlet.FilterRegistrationBean   : Mapping filter: 'hiddenHttpMethodFilter' to: [/*]
2020-04-24 14:00:22.588  INFO 11800 --- [localhost-startStop-1] o.s.b.w.servlet.FilterRegistrationBean   : Mapping filter: 'httpPutFormContentFilter' to: [/*]
2020-04-24 14:00:22.588  INFO 11800 --- [localhost-startStop-1] o.s.b.w.servlet.FilterRegistrationBean   : Mapping filter: 'requestContextFilter' to: [/*]
2020-04-24 14:00:22.588  INFO 11800 --- [localhost-startStop-1] o.s.b.w.servlet.FilterRegistrationBean   : Mapping filter: 'CORSFilter' to: [/*]
2020-04-24 14:00:22.682  INFO 11800 --- [main] o.s.j.d.DriverManagerDataSource          : Loaded JDBC driver: com.mysql.jdbc.Driver
2020-04-24 14:00:22.698  INFO 11800 --- [main] o.s.j.d.DriverManagerDataSource          : Loaded JDBC driver: com.mysql.jdbc.Driver
2020-04-24 14:00:23.041  INFO 11800 --- [main] o.s.w.s.handler.SimpleUrlHandlerMapping  : Mapped URL path [/**/favicon.ico] onto handler of type [class org.springframework.web.servlet.resource.ResourceHttpRequestHandler]
2020-04-24 14:00:23.383  INFO 11800 --- [main] s.w.s.m.m.a.RequestMappingHandlerAdapter : Looking for @ControllerAdvice: org.springframework.boot.web.servlet.context.AnnotationConfigServletWebServerApplicationContext@e25951c: startup date [Fri Apr 24 14:00:18 IST 2020]; root of context hierarchy
2020-04-24 14:00:23.555  INFO 11800 --- [main] s.w.s.m.m.a.RequestMappingHandlerMapping : Mapped "{[/sta/tch/forgotpassword],methods=[POST],produces=[application/json]}" onto public java.util.Map<java.lang.String, java.lang.Object> kmsg.sta.login.svcimpl.TeacherLoginSvcImpl.forgotPassword(java.util.Map<java.lang.String, java.lang.String>,javax.servlet.http.HttpSession,javax.servlet.http.HttpServletRequest)
2020-04-24 14:00:23.555  INFO 11800 --- [main] s.w.s.m.m.a.RequestMappingHandlerMapping : Mapped "{[/sta/tch/changepassword],methods=[POST],produces=[application/json]}" onto public java.util.Map<java.lang.String, java.lang.Object> kmsg.sta.login.svcimpl.TeacherLoginSvcImpl.changePassword(java.util.Map<java.lang.String, java.lang.String>,javax.servlet.http.HttpSession,javax.servlet.http.HttpServletRequest)
2020-04-24 14:00:23.555  INFO 11800 --- [main] s.w.s.m.m.a.RequestMappingHandlerMapping : Mapped "{[/sta/tch/login],methods=[POST],produces=[application/json]}" onto public java.util.Map<java.lang.String, java.lang.Object> kmsg.sta.login.svcimpl.TeacherLoginSvcImpl.TeacherLogin(java.util.Map<java.lang.String, java.lang.String>,javax.servlet.http.HttpSession,javax.servlet.http.HttpServletRequest,javax.servlet.http.HttpServletResponse)
2020-04-24 14:00:23.570  INFO 11800 --- [main] s.w.s.m.m.a.RequestMappingHandlerMapping : Mapped "{[/sta/tasks/list],methods=[POST],produces=[application/json]}" onto public java.util.Map<java.lang.String, java.lang.Object> kmsg.sta.tasks.svcimpl.TasksSvcImpl.getTasksList(java.util.Map<java.lang.String, java.lang.String>,javax.servlet.http.HttpSession,javax.servlet.http.HttpServletRequest,javax.servlet.http.HttpServletResponse)
2020-04-24 14:00:23.570  INFO 11800 --- [main] s.w.s.m.m.a.RequestMappingHandlerMapping : Mapped "{[/sta/tasks/complete],methods=[POST],produces=[application/json]}" onto public java.util.Map<java.lang.String, java.lang.Object> kmsg.sta.tasks.svcimpl.TasksSvcImpl.completeTask(java.util.Map<java.lang.String, java.lang.String>,javax.servlet.http.HttpSession,javax.servlet.http.HttpServletRequest,javax.servlet.http.HttpServletResponse)
2020-04-24 14:00:23.570  INFO 11800 --- [main] s.w.s.m.m.a.RequestMappingHandlerMapping : Mapped "{[/error],produces=[text/html]}" onto public org.springframework.web.servlet.ModelAndView org.springframework.boot.autoconfigure.web.servlet.error.BasicErrorController.errorHtml(javax.servlet.http.HttpServletRequest,javax.servlet.http.HttpServletResponse)
2020-04-24 14:00:23.570  INFO 11800 --- [main] s.w.s.m.m.a.RequestMappingHandlerMapping : Mapped "{[/error]}" onto public org.springframework.http.ResponseEntity<java.util.Map<java.lang.String, java.lang.Object>> org.springframework.boot.autoconfigure.web.servlet.error.BasicErrorController.error(javax.servlet.http.HttpServletRequest)
2020-04-24 14:00:23.633  INFO 11800 --- [main] o.s.w.s.handler.SimpleUrlHandlerMapping  : Mapped URL path [/webjars/**] onto handler of type [class org.springframework.web.servlet.resource.ResourceHttpRequestHandler]
2020-04-24 14:00:23.633  INFO 11800 --- [main] o.s.w.s.handler.SimpleUrlHandlerMapping  : Mapped URL path [/**] onto handler of type [class org.springframework.web.servlet.resource.ResourceHttpRequestHandler]
2020-04-24 14:00:24.329  INFO 11800 --- [main] o.s.j.e.a.AnnotationMBeanExporter        : Registering beans for JMX exposure on startup
2020-04-24 14:00:24.465  INFO 11800 --- [main] o.s.b.w.embedded.tomcat.TomcatWebServer  : Tomcat started on port(s): 8081 (http) with context path ''
2020-04-24 14:00:24.481  INFO 11800 --- [main] kmsg.sta.adapter.MainAdapter             : Started MainAdapter in 6.994 seconds (JVM running for 7.767)
2020-04-24 14:02:07.582  INFO 10232 --- [main] kmsg.sta.adapter.MainAdapter             : Starting MainAdapter on DESKTOP-182RQ50 with PID 10232 (E:\Work\WorkSpace3\SchoolTeacherApp\target\classes started by Aman Singh in E:\Work\WorkSpace3\SchoolTeacherApp)
2020-04-24 14:02:07.597  INFO 10232 --- [main] kmsg.sta.adapter.MainAdapter             : The following profiles are active: dev
2020-04-24 14:02:07.765  INFO 10232 --- [main] ConfigServletWebServerApplicationContext : Refreshing org.springframework.boot.web.servlet.context.AnnotationConfigServletWebServerApplicationContext@e25951c: startup date [Fri Apr 24 14:02:07 IST 2020]; root of context hierarchy
2020-04-24 14:02:11.189  INFO 10232 --- [main] o.s.b.w.embedded.tomcat.TomcatWebServer  : Tomcat initialized with port(s): 8081 (http)
2020-04-24 14:02:11.307  INFO 10232 --- [main] o.apache.catalina.core.StandardService   : Starting service [Tomcat]
2020-04-24 14:02:11.307  INFO 10232 --- [main] org.apache.catalina.core.StandardEngine  : Starting Servlet Engine: Apache Tomcat/8.5.31
2020-04-24 14:02:11.354  INFO 10232 --- [localhost-startStop-1] o.a.catalina.core.AprLifecycleListener   : The APR based Apache Tomcat Native library which allows optimal performance in production environments was not found on the java.library.path: [C:\Program Files\Java\jre-9\bin;C:\Windows\Sun\Java\bin;C:\Windows\system32;C:\Windows;C:/Program Files/Java/jdk-13.0.1/bin/server;C:/Program Files/Java/jdk-13.0.1/bin;C:\ProgramData\Oracle\Java\javapath;C:\Windows\system32;C:\Windows;C:\Windows\System32\Wbem;C:\Windows\System32\WindowsPowerShell\v1.0\;C:\Windows\System32\OpenSSH\;C:\Program Files (x86)\NVIDIA Corporation\PhysX\Common;C:\Program Files\Java\jdk-9\bin;C:\Program Files\Java\jre-9\bin;C:\Program Files\PuTTY\;C:\Program Files\MySQL\MySQL Utilities 1.6\;C:\Program Files\nodejs\;C:\Users\amans\AppData\Local\Android\Sdk\tools;C:\Users\amans\AppData\Local\Android\Sdk\platform-tools;C:\Program Files\Java\jdk1.8.0_211\bin;C:\Program Files\Java\jre1.8.0_211\bin;C:\Program Files\Java\jdk1.7.0_80\bin;C:\Program Files\Java\jre7\bin;C:\Users\amans\AppData\Local\Programs\Python\Python38\Scripts;C:\Program Files\MySQL\MySQL Server 5.7\bin;C:\Program Files\CMake\bin;C:\Users\amans\anaconda3;C:\Users\amans\anaconda3\Library\mingw-w64\bin;C:\Users\amans\anaconda3\Library\usr\bin;C:\Users\amans\anaconda3\Library\bin;C:\Users\amans\anaconda3\Scripts;C:\Users\amans\AppData\Local\Microsoft\WindowsApps;C:\Users\amans\AppData\Roaming\npm;C:\Program Files\JetBrains\PyCharm Community Edition 2019.2.4\bin;;C:\Users\amans\AppData\Local\Programs\Python\Python38\Scripts;C:\Users\amans\AppData\Local\Programs\Python\Python38;E:\Work\eclipse;;.]
2020-04-24 14:02:11.557  INFO 10232 --- [localhost-startStop-1] o.a.c.c.C.[Tomcat].[localhost].[/]       : Initializing Spring embedded WebApplicationContext
2020-04-24 14:02:11.557  INFO 10232 --- [localhost-startStop-1] o.s.web.context.ContextLoader            : Root WebApplicationContext: initialization completed in 3792 ms
2020-04-24 14:02:11.838  INFO 10232 --- [localhost-startStop-1] o.s.b.w.servlet.ServletRegistrationBean  : Servlet dispatcherServlet mapped to [/]
2020-04-24 14:02:11.838  INFO 10232 --- [localhost-startStop-1] o.s.b.w.servlet.FilterRegistrationBean   : Mapping filter: 'characterEncodingFilter' to: [/*]
2020-04-24 14:02:11.853  INFO 10232 --- [localhost-startStop-1] o.s.b.w.servlet.FilterRegistrationBean   : Mapping filter: 'hiddenHttpMethodFilter' to: [/*]
2020-04-24 14:02:11.853  INFO 10232 --- [localhost-startStop-1] o.s.b.w.servlet.FilterRegistrationBean   : Mapping filter: 'httpPutFormContentFilter' to: [/*]
2020-04-24 14:02:11.853  INFO 10232 --- [localhost-startStop-1] o.s.b.w.servlet.FilterRegistrationBean   : Mapping filter: 'requestContextFilter' to: [/*]
2020-04-24 14:02:11.853  INFO 10232 --- [localhost-startStop-1] o.s.b.w.servlet.FilterRegistrationBean   : Mapping filter: 'CORSFilter' to: [/*]
2020-04-24 14:02:11.994  INFO 10232 --- [main] o.s.j.d.DriverManagerDataSource          : Loaded JDBC driver: com.mysql.jdbc.Driver
2020-04-24 14:02:12.010  INFO 10232 --- [main] o.s.j.d.DriverManagerDataSource          : Loaded JDBC driver: com.mysql.jdbc.Driver
2020-04-24 14:02:12.338  INFO 10232 --- [main] o.s.w.s.handler.SimpleUrlHandlerMapping  : Mapped URL path [/**/favicon.ico] onto handler of type [class org.springframework.web.servlet.resource.ResourceHttpRequestHandler]
2020-04-24 14:02:12.677  INFO 10232 --- [main] s.w.s.m.m.a.RequestMappingHandlerAdapter : Looking for @ControllerAdvice: org.springframework.boot.web.servlet.context.AnnotationConfigServletWebServerApplicationContext@e25951c: startup date [Fri Apr 24 14:02:07 IST 2020]; root of context hierarchy
2020-04-24 14:02:12.817  INFO 10232 --- [main] s.w.s.m.m.a.RequestMappingHandlerMapping : Mapped "{[/sta/tch/forgotpassword],methods=[POST],produces=[application/json]}" onto public java.util.Map<java.lang.String, java.lang.Object> kmsg.sta.login.svcimpl.TeacherLoginSvcImpl.forgotPassword(java.util.Map<java.lang.String, java.lang.String>,javax.servlet.http.HttpSession,javax.servlet.http.HttpServletRequest)
2020-04-24 14:02:12.817  INFO 10232 --- [main] s.w.s.m.m.a.RequestMappingHandlerMapping : Mapped "{[/sta/tch/login],methods=[POST],produces=[application/json]}" onto public java.util.Map<java.lang.String, java.lang.Object> kmsg.sta.login.svcimpl.TeacherLoginSvcImpl.TeacherLogin(java.util.Map<java.lang.String, java.lang.String>,javax.servlet.http.HttpSession,javax.servlet.http.HttpServletRequest,javax.servlet.http.HttpServletResponse)
2020-04-24 14:02:12.817  INFO 10232 --- [main] s.w.s.m.m.a.RequestMappingHandlerMapping : Mapped "{[/sta/tch/changepassword],methods=[POST],produces=[application/json]}" onto public java.util.Map<java.lang.String, java.lang.Object> kmsg.sta.login.svcimpl.TeacherLoginSvcImpl.changePassword(java.util.Map<java.lang.String, java.lang.String>,javax.servlet.http.HttpSession,javax.servlet.http.HttpServletRequest)
2020-04-24 14:02:12.833  INFO 10232 --- [main] s.w.s.m.m.a.RequestMappingHandlerMapping : Mapped "{[/sta/tasks/complete],methods=[POST],produces=[application/json]}" onto public java.util.Map<java.lang.String, java.lang.Object> kmsg.sta.tasks.svcimpl.TasksSvcImpl.completeTask(java.util.Map<java.lang.String, java.lang.String>,javax.servlet.http.HttpSession,javax.servlet.http.HttpServletRequest,javax.servlet.http.HttpServletResponse)
2020-04-24 14:02:12.833  INFO 10232 --- [main] s.w.s.m.m.a.RequestMappingHandlerMapping : Mapped "{[/sta/tasks/list],methods=[POST],produces=[application/json]}" onto public java.util.Map<java.lang.String, java.lang.Object> kmsg.sta.tasks.svcimpl.TasksSvcImpl.getTasksList(java.util.Map<java.lang.String, java.lang.String>,javax.servlet.http.HttpSession,javax.servlet.http.HttpServletRequest,javax.servlet.http.HttpServletResponse)
2020-04-24 14:02:12.833  INFO 10232 --- [main] s.w.s.m.m.a.RequestMappingHandlerMapping : Mapped "{[/error]}" onto public org.springframework.http.ResponseEntity<java.util.Map<java.lang.String, java.lang.Object>> org.springframework.boot.autoconfigure.web.servlet.error.BasicErrorController.error(javax.servlet.http.HttpServletRequest)
2020-04-24 14:02:12.849  INFO 10232 --- [main] s.w.s.m.m.a.RequestMappingHandlerMapping : Mapped "{[/error],produces=[text/html]}" onto public org.springframework.web.servlet.ModelAndView org.springframework.boot.autoconfigure.web.servlet.error.BasicErrorController.errorHtml(javax.servlet.http.HttpServletRequest,javax.servlet.http.HttpServletResponse)
2020-04-24 14:02:12.927  INFO 10232 --- [main] o.s.w.s.handler.SimpleUrlHandlerMapping  : Mapped URL path [/webjars/**] onto handler of type [class org.springframework.web.servlet.resource.ResourceHttpRequestHandler]
2020-04-24 14:02:12.927  INFO 10232 --- [main] o.s.w.s.handler.SimpleUrlHandlerMapping  : Mapped URL path [/**] onto handler of type [class org.springframework.web.servlet.resource.ResourceHttpRequestHandler]
2020-04-24 14:02:13.286  INFO 10232 --- [main] o.s.j.e.a.AnnotationMBeanExporter        : Registering beans for JMX exposure on startup
2020-04-24 14:02:13.364  INFO 10232 --- [main] o.s.b.w.embedded.tomcat.TomcatWebServer  : Tomcat started on port(s): 8081 (http) with context path ''
2020-04-24 14:02:13.376  INFO 10232 --- [main] kmsg.sta.adapter.MainAdapter             : Started MainAdapter in 6.899 seconds (JVM running for 7.65)
2020-04-24 14:02:21.851  INFO 10232 --- [http-nio-8081-exec-2] o.a.c.c.C.[Tomcat].[localhost].[/]       : Initializing Spring FrameworkServlet 'dispatcherServlet'
2020-04-24 14:02:21.851  INFO 10232 --- [http-nio-8081-exec-2] o.s.web.servlet.DispatcherServlet        : FrameworkServlet 'dispatcherServlet': initialization started
2020-04-24 14:02:21.896  INFO 10232 --- [http-nio-8081-exec-2] o.s.web.servlet.DispatcherServlet        : FrameworkServlet 'dispatcherServlet': initialization completed in 42 ms
2020-04-24 14:02:22.468  WARN 10232 --- [http-nio-8081-exec-2] o.a.c.util.SessionIdGeneratorBase        : Creation of SecureRandom instance for session ID generation using [SHA1PRNG] took [444] milliseconds.
2020-04-24 14:02:22.472  INFO 10232 --- [http-nio-8081-exec-2] debug.MISlogs                            : App forgotpassword service called from amansingh16597@gmail.com
2020-04-24 14:02:29.954  INFO 10232 --- [http-nio-8081-exec-2] debug.MISlogs                            : Check your Email for new password for emailId amansingh16597@gmail.com
2020-04-24 14:02:52.976  INFO 10232 --- [http-nio-8081-exec-3] debug.MISlogs                            : App Login service called from null
2020-04-24 14:03:26.650  INFO 10232 --- [http-nio-8081-exec-4] debug.MISlogs                            : App changepassword service called from amansingh16597@gmail.com
2020-04-24 14:03:26.775  INFO 10232 --- [http-nio-8081-exec-4] debug.MISlogs                            : Password Has Been Changed Successfully for amansingh16597@gmail.com
2020-04-24 14:03:39.360  INFO 10232 --- [http-nio-8081-exec-5] debug.MISlogs                            : App Login service called from null
2020-04-24 17:17:01.071  INFO 5516 --- [main] kmsg.sta.adapter.MainAdapter             : Starting MainAdapter on DESKTOP-182RQ50 with PID 5516 (E:\Work\WorkSpace3\SchoolTeacherApp\target\classes started by Aman Singh in E:\Work\WorkSpace3\SchoolTeacherApp)
2020-04-24 17:17:01.076  INFO 5516 --- [main] kmsg.sta.adapter.MainAdapter             : The following profiles are active: prod
2020-04-24 17:17:01.252  INFO 5516 --- [main] ConfigServletWebServerApplicationContext : Refreshing org.springframework.boot.web.servlet.context.AnnotationConfigServletWebServerApplicationContext@928763c: startup date [Fri Apr 24 17:17:01 IST 2020]; root of context hierarchy
2020-04-24 17:17:05.170  INFO 5516 --- [main] o.s.b.w.embedded.tomcat.TomcatWebServer  : Tomcat initialized with port(s): 8086 (http)
2020-04-24 17:17:05.240  INFO 5516 --- [main] o.apache.catalina.core.StandardService   : Starting service [Tomcat]
2020-04-24 17:17:05.242  INFO 5516 --- [main] org.apache.catalina.core.StandardEngine  : Starting Servlet Engine: Apache Tomcat/8.5.31
2020-04-24 17:17:05.326  INFO 5516 --- [localhost-startStop-1] o.a.catalina.core.AprLifecycleListener   : The APR based Apache Tomcat Native library which allows optimal performance in production environments was not found on the java.library.path: [C:\Program Files\Java\jre-9\bin;C:\Windows\Sun\Java\bin;C:\Windows\system32;C:\Windows;C:/Program Files/Java/jdk-13.0.1/bin/server;C:/Program Files/Java/jdk-13.0.1/bin;C:\ProgramData\Oracle\Java\javapath;C:\Windows\system32;C:\Windows;C:\Windows\System32\Wbem;C:\Windows\System32\WindowsPowerShell\v1.0\;C:\Windows\System32\OpenSSH\;C:\Program Files (x86)\NVIDIA Corporation\PhysX\Common;C:\Program Files\Java\jdk-9\bin;C:\Program Files\Java\jre-9\bin;C:\Program Files\PuTTY\;C:\Program Files\MySQL\MySQL Utilities 1.6\;C:\Program Files\nodejs\;C:\Users\amans\AppData\Local\Android\Sdk\tools;C:\Users\amans\AppData\Local\Android\Sdk\platform-tools;C:\Program Files\Java\jdk1.8.0_211\bin;C:\Program Files\Java\jre1.8.0_211\bin;C:\Program Files\Java\jdk1.7.0_80\bin;C:\Program Files\Java\jre7\bin;C:\Users\amans\AppData\Local\Programs\Python\Python38\Scripts;C:\Program Files\MySQL\MySQL Server 5.7\bin;C:\Program Files\CMake\bin;C:\Users\amans\anaconda3;C:\Users\amans\anaconda3\Library\mingw-w64\bin;C:\Users\amans\anaconda3\Library\usr\bin;C:\Users\amans\anaconda3\Library\bin;C:\Users\amans\anaconda3\Scripts;C:\Users\amans\AppData\Local\Microsoft\WindowsApps;C:\Users\amans\AppData\Roaming\npm;C:\Program Files\JetBrains\PyCharm Community Edition 2019.2.4\bin;;C:\Users\amans\AppData\Local\Programs\Python\Python38\Scripts;C:\Users\amans\AppData\Local\Programs\Python\Python38;E:\Work\eclipse;;.]
2020-04-24 17:17:05.549  INFO 5516 --- [localhost-startStop-1] o.a.c.c.C.[Tomcat].[localhost].[/]       : Initializing Spring embedded WebApplicationContext
2020-04-24 17:17:05.551  INFO 5516 --- [localhost-startStop-1] o.s.web.context.ContextLoader            : Root WebApplicationContext: initialization completed in 4299 ms
2020-04-24 17:17:05.846  INFO 5516 --- [localhost-startStop-1] o.s.b.w.servlet.ServletRegistrationBean  : Servlet dispatcherServlet mapped to [/]
2020-04-24 17:17:05.854  INFO 5516 --- [localhost-startStop-1] o.s.b.w.servlet.FilterRegistrationBean   : Mapping filter: 'characterEncodingFilter' to: [/*]
2020-04-24 17:17:05.855  INFO 5516 --- [localhost-startStop-1] o.s.b.w.servlet.FilterRegistrationBean   : Mapping filter: 'hiddenHttpMethodFilter' to: [/*]
2020-04-24 17:17:05.856  INFO 5516 --- [localhost-startStop-1] o.s.b.w.servlet.FilterRegistrationBean   : Mapping filter: 'httpPutFormContentFilter' to: [/*]
2020-04-24 17:17:05.859  INFO 5516 --- [localhost-startStop-1] o.s.b.w.servlet.FilterRegistrationBean   : Mapping filter: 'requestContextFilter' to: [/*]
2020-04-24 17:17:05.862  INFO 5516 --- [localhost-startStop-1] o.s.b.w.servlet.FilterRegistrationBean   : Mapping filter: 'CORSFilter' to: [/*]
2020-04-24 17:17:06.000  INFO 5516 --- [main] o.s.j.d.DriverManagerDataSource          : Loaded JDBC driver: com.mysql.jdbc.Driver
2020-04-24 17:17:06.014  INFO 5516 --- [main] o.s.j.d.DriverManagerDataSource          : Loaded JDBC driver: com.mysql.jdbc.Driver
2020-04-24 17:17:06.442  INFO 5516 --- [main] o.s.w.s.handler.SimpleUrlHandlerMapping  : Mapped URL path [/**/favicon.ico] onto handler of type [class org.springframework.web.servlet.resource.ResourceHttpRequestHandler]
2020-04-24 17:17:06.984  INFO 5516 --- [main] s.w.s.m.m.a.RequestMappingHandlerAdapter : Looking for @ControllerAdvice: org.springframework.boot.web.servlet.context.AnnotationConfigServletWebServerApplicationContext@928763c: startup date [Fri Apr 24 17:17:01 IST 2020]; root of context hierarchy
2020-04-24 17:17:07.229  INFO 5516 --- [main] s.w.s.m.m.a.RequestMappingHandlerMapping : Mapped "{[/sta/tch/login],methods=[POST],produces=[application/json]}" onto public java.util.Map<java.lang.String, java.lang.Object> kmsg.sta.login.svcimpl.TeacherLoginSvcImpl.TeacherLogin(java.util.Map<java.lang.String, java.lang.String>,javax.servlet.http.HttpSession,javax.servlet.http.HttpServletRequest,javax.servlet.http.HttpServletResponse)
2020-04-24 17:17:07.232  INFO 5516 --- [main] s.w.s.m.m.a.RequestMappingHandlerMapping : Mapped "{[/sta/tch/changepassword],methods=[POST],produces=[application/json]}" onto public java.util.Map<java.lang.String, java.lang.Object> kmsg.sta.login.svcimpl.TeacherLoginSvcImpl.changePassword(java.util.Map<java.lang.String, java.lang.String>,javax.servlet.http.HttpSession,javax.servlet.http.HttpServletRequest)
2020-04-24 17:17:07.234  INFO 5516 --- [main] s.w.s.m.m.a.RequestMappingHandlerMapping : Mapped "{[/sta/tch/forgotpassword],methods=[POST],produces=[application/json]}" onto public java.util.Map<java.lang.String, java.lang.Object> kmsg.sta.login.svcimpl.TeacherLoginSvcImpl.forgotPassword(java.util.Map<java.lang.String, java.lang.String>,javax.servlet.http.HttpSession,javax.servlet.http.HttpServletRequest)
2020-04-24 17:17:07.240  INFO 5516 --- [main] s.w.s.m.m.a.RequestMappingHandlerMapping : Mapped "{[/sta/tasks/complete],methods=[POST],produces=[application/json]}" onto public java.util.Map<java.lang.String, java.lang.Object> kmsg.sta.tasks.svcimpl.TasksSvcImpl.completeTask(java.util.Map<java.lang.String, java.lang.String>,javax.servlet.http.HttpSession,javax.servlet.http.HttpServletRequest,javax.servlet.http.HttpServletResponse)
2020-04-24 17:17:07.244  INFO 5516 --- [main] s.w.s.m.m.a.RequestMappingHandlerMapping : Mapped "{[/sta/tasks/list],methods=[POST],produces=[application/json]}" onto public java.util.Map<java.lang.String, java.lang.Object> kmsg.sta.tasks.svcimpl.TasksSvcImpl.getTasksList(java.util.Map<java.lang.String, java.lang.String>,javax.servlet.http.HttpSession,javax.servlet.http.HttpServletRequest,javax.servlet.http.HttpServletResponse)
2020-04-24 17:17:07.251  INFO 5516 --- [main] s.w.s.m.m.a.RequestMappingHandlerMapping : Mapped "{[/error]}" onto public org.springframework.http.ResponseEntity<java.util.Map<java.lang.String, java.lang.Object>> org.springframework.boot.autoconfigure.web.servlet.error.BasicErrorController.error(javax.servlet.http.HttpServletRequest)
2020-04-24 17:17:07.254  INFO 5516 --- [main] s.w.s.m.m.a.RequestMappingHandlerMapping : Mapped "{[/error],produces=[text/html]}" onto public org.springframework.web.servlet.ModelAndView org.springframework.boot.autoconfigure.web.servlet.error.BasicErrorController.errorHtml(javax.servlet.http.HttpServletRequest,javax.servlet.http.HttpServletResponse)
2020-04-24 17:17:07.330  INFO 5516 --- [main] o.s.w.s.handler.SimpleUrlHandlerMapping  : Mapped URL path [/webjars/**] onto handler of type [class org.springframework.web.servlet.resource.ResourceHttpRequestHandler]
2020-04-24 17:17:07.331  INFO 5516 --- [main] o.s.w.s.handler.SimpleUrlHandlerMapping  : Mapped URL path [/**] onto handler of type [class org.springframework.web.servlet.resource.ResourceHttpRequestHandler]
2020-04-24 17:17:07.847  INFO 5516 --- [main] o.s.j.e.a.AnnotationMBeanExporter        : Registering beans for JMX exposure on startup
2020-04-24 17:17:07.960  INFO 5516 --- [main] o.s.b.w.embedded.tomcat.TomcatWebServer  : Tomcat started on port(s): 8086 (http) with context path ''
2020-04-24 17:17:07.972  INFO 5516 --- [main] kmsg.sta.adapter.MainAdapter             : Started MainAdapter in 8.023 seconds (JVM running for 8.924)
2020-04-24 17:25:26.985  INFO 5516 --- [http-nio-8086-exec-2] o.a.c.c.C.[Tomcat].[localhost].[/]       : Initializing Spring FrameworkServlet 'dispatcherServlet'
2020-04-24 17:25:26.986  INFO 5516 --- [http-nio-8086-exec-2] o.s.web.servlet.DispatcherServlet        : FrameworkServlet 'dispatcherServlet': initialization started
2020-04-24 17:25:27.062  INFO 5516 --- [http-nio-8086-exec-2] o.s.web.servlet.DispatcherServlet        : FrameworkServlet 'dispatcherServlet': initialization completed in 76 ms
2020-04-24 17:25:27.713  WARN 5516 --- [http-nio-8086-exec-2] o.a.c.util.SessionIdGeneratorBase        : Creation of SecureRandom instance for session ID generation using [SHA1PRNG] took [532] milliseconds.
2020-04-24 17:25:27.720  INFO 5516 --- [http-nio-8086-exec-2] debug.MISlogs                            : App Login service called from amansingh16597@gmail.com
2020-04-24 17:25:34.727 ERROR 5516 --- [http-nio-8086-exec-2] debug.MISlogs                            : Exception occured in login : org.springframework.jdbc.CannotGetJdbcConnectionException: Failed to obtain JDBC Connection; nested exception is com.mysql.jdbc.exceptions.jdbc4.MySQLNonTransientConnectionException: Could not create connection to database server. Attempted reconnect 3 times. Giving up.
2020-04-24 17:26:17.859  INFO 12676 --- [main] kmsg.sta.adapter.MainAdapter             : Starting MainAdapter on DESKTOP-182RQ50 with PID 12676 (E:\Work\WorkSpace3\SchoolTeacherApp\target\classes started by Aman Singh in E:\Work\WorkSpace3\SchoolTeacherApp)
2020-04-24 17:26:17.862  INFO 12676 --- [main] kmsg.sta.adapter.MainAdapter             : The following profiles are active: prod
2020-04-24 17:26:18.005  INFO 12676 --- [main] ConfigServletWebServerApplicationContext : Refreshing org.springframework.boot.web.servlet.context.AnnotationConfigServletWebServerApplicationContext@471a9022: startup date [Fri Apr 24 17:26:18 IST 2020]; root of context hierarchy
2020-04-24 17:26:21.516  INFO 12676 --- [main] o.s.b.w.embedded.tomcat.TomcatWebServer  : Tomcat initialized with port(s): 8086 (http)
2020-04-24 17:26:21.577  INFO 12676 --- [main] o.apache.catalina.core.StandardService   : Starting service [Tomcat]
2020-04-24 17:26:21.578  INFO 12676 --- [main] org.apache.catalina.core.StandardEngine  : Starting Servlet Engine: Apache Tomcat/8.5.31
2020-04-24 17:26:21.662  INFO 12676 --- [localhost-startStop-1] o.a.catalina.core.AprLifecycleListener   : The APR based Apache Tomcat Native library which allows optimal performance in production environments was not found on the java.library.path: [C:\Program Files\Java\jre-9\bin;C:\Windows\Sun\Java\bin;C:\Windows\system32;C:\Windows;C:/Program Files/Java/jdk-13.0.1/bin/server;C:/Program Files/Java/jdk-13.0.1/bin;C:\ProgramData\Oracle\Java\javapath;C:\Windows\system32;C:\Windows;C:\Windows\System32\Wbem;C:\Windows\System32\WindowsPowerShell\v1.0\;C:\Windows\System32\OpenSSH\;C:\Program Files (x86)\NVIDIA Corporation\PhysX\Common;C:\Program Files\Java\jdk-9\bin;C:\Program Files\Java\jre-9\bin;C:\Program Files\PuTTY\;C:\Program Files\MySQL\MySQL Utilities 1.6\;C:\Program Files\nodejs\;C:\Users\amans\AppData\Local\Android\Sdk\tools;C:\Users\amans\AppData\Local\Android\Sdk\platform-tools;C:\Program Files\Java\jdk1.8.0_211\bin;C:\Program Files\Java\jre1.8.0_211\bin;C:\Program Files\Java\jdk1.7.0_80\bin;C:\Program Files\Java\jre7\bin;C:\Users\amans\AppData\Local\Programs\Python\Python38\Scripts;C:\Program Files\MySQL\MySQL Server 5.7\bin;C:\Program Files\CMake\bin;C:\Users\amans\anaconda3;C:\Users\amans\anaconda3\Library\mingw-w64\bin;C:\Users\amans\anaconda3\Library\usr\bin;C:\Users\amans\anaconda3\Library\bin;C:\Users\amans\anaconda3\Scripts;C:\Users\amans\AppData\Local\Microsoft\WindowsApps;C:\Users\amans\AppData\Roaming\npm;C:\Program Files\JetBrains\PyCharm Community Edition 2019.2.4\bin;;C:\Users\amans\AppData\Local\Programs\Python\Python38\Scripts;C:\Users\amans\AppData\Local\Programs\Python\Python38;E:\Work\eclipse;;.]
2020-04-24 17:26:21.909  INFO 12676 --- [localhost-startStop-1] o.a.c.c.C.[Tomcat].[localhost].[/]       : Initializing Spring embedded WebApplicationContext
2020-04-24 17:26:21.910  INFO 12676 --- [localhost-startStop-1] o.s.web.context.ContextLoader            : Root WebApplicationContext: initialization completed in 3906 ms
2020-04-24 17:26:22.233  INFO 12676 --- [localhost-startStop-1] o.s.b.w.servlet.ServletRegistrationBean  : Servlet dispatcherServlet mapped to [/]
2020-04-24 17:26:22.246  INFO 12676 --- [localhost-startStop-1] o.s.b.w.servlet.FilterRegistrationBean   : Mapping filter: 'characterEncodingFilter' to: [/*]
2020-04-24 17:26:22.247  INFO 12676 --- [localhost-startStop-1] o.s.b.w.servlet.FilterRegistrationBean   : Mapping filter: 'hiddenHttpMethodFilter' to: [/*]
2020-04-24 17:26:22.248  INFO 12676 --- [localhost-startStop-1] o.s.b.w.servlet.FilterRegistrationBean   : Mapping filter: 'httpPutFormContentFilter' to: [/*]
2020-04-24 17:26:22.249  INFO 12676 --- [localhost-startStop-1] o.s.b.w.servlet.FilterRegistrationBean   : Mapping filter: 'requestContextFilter' to: [/*]
2020-04-24 17:26:22.250  INFO 12676 --- [localhost-startStop-1] o.s.b.w.servlet.FilterRegistrationBean   : Mapping filter: 'CORSFilter' to: [/*]
2020-04-24 17:26:22.389  INFO 12676 --- [main] o.s.j.d.DriverManagerDataSource          : Loaded JDBC driver: com.mysql.jdbc.Driver
2020-04-24 17:26:22.405  INFO 12676 --- [main] o.s.j.d.DriverManagerDataSource          : Loaded JDBC driver: com.mysql.jdbc.Driver
2020-04-24 17:26:22.758  INFO 12676 --- [main] o.s.w.s.handler.SimpleUrlHandlerMapping  : Mapped URL path [/**/favicon.ico] onto handler of type [class org.springframework.web.servlet.resource.ResourceHttpRequestHandler]
2020-04-24 17:26:23.134  INFO 12676 --- [main] s.w.s.m.m.a.RequestMappingHandlerAdapter : Looking for @ControllerAdvice: org.springframework.boot.web.servlet.context.AnnotationConfigServletWebServerApplicationContext@471a9022: startup date [Fri Apr 24 17:26:18 IST 2020]; root of context hierarchy
2020-04-24 17:26:23.288  INFO 12676 --- [main] s.w.s.m.m.a.RequestMappingHandlerMapping : Mapped "{[/sta/tch/forgotpassword],methods=[POST],produces=[application/json]}" onto public java.util.Map<java.lang.String, java.lang.Object> kmsg.sta.login.svcimpl.TeacherLoginSvcImpl.forgotPassword(java.util.Map<java.lang.String, java.lang.String>,javax.servlet.http.HttpSession,javax.servlet.http.HttpServletRequest)
2020-04-24 17:26:23.293  INFO 12676 --- [main] s.w.s.m.m.a.RequestMappingHandlerMapping : Mapped "{[/sta/tch/changepassword],methods=[POST],produces=[application/json]}" onto public java.util.Map<java.lang.String, java.lang.Object> kmsg.sta.login.svcimpl.TeacherLoginSvcImpl.changePassword(java.util.Map<java.lang.String, java.lang.String>,javax.servlet.http.HttpSession,javax.servlet.http.HttpServletRequest)
2020-04-24 17:26:23.296  INFO 12676 --- [main] s.w.s.m.m.a.RequestMappingHandlerMapping : Mapped "{[/sta/tch/login],methods=[POST],produces=[application/json]}" onto public java.util.Map<java.lang.String, java.lang.Object> kmsg.sta.login.svcimpl.TeacherLoginSvcImpl.TeacherLogin(java.util.Map<java.lang.String, java.lang.String>,javax.servlet.http.HttpSession,javax.servlet.http.HttpServletRequest,javax.servlet.http.HttpServletResponse)
2020-04-24 17:26:23.302  INFO 12676 --- [main] s.w.s.m.m.a.RequestMappingHandlerMapping : Mapped "{[/sta/tasks/complete],methods=[POST],produces=[application/json]}" onto public java.util.Map<java.lang.String, java.lang.Object> kmsg.sta.tasks.svcimpl.TasksSvcImpl.completeTask(java.util.Map<java.lang.String, java.lang.String>,javax.servlet.http.HttpSession,javax.servlet.http.HttpServletRequest,javax.servlet.http.HttpServletResponse)
2020-04-24 17:26:23.306  INFO 12676 --- [main] s.w.s.m.m.a.RequestMappingHandlerMapping : Mapped "{[/sta/tasks/list],methods=[POST],produces=[application/json]}" onto public java.util.Map<java.lang.String, java.lang.Object> kmsg.sta.tasks.svcimpl.TasksSvcImpl.getTasksList(java.util.Map<java.lang.String, java.lang.String>,javax.servlet.http.HttpSession,javax.servlet.http.HttpServletRequest,javax.servlet.http.HttpServletResponse)
2020-04-24 17:26:23.314  INFO 12676 --- [main] s.w.s.m.m.a.RequestMappingHandlerMapping : Mapped "{[/error]}" onto public org.springframework.http.ResponseEntity<java.util.Map<java.lang.String, java.lang.Object>> org.springframework.boot.autoconfigure.web.servlet.error.BasicErrorController.error(javax.servlet.http.HttpServletRequest)
2020-04-24 17:26:23.317  INFO 12676 --- [main] s.w.s.m.m.a.RequestMappingHandlerMapping : Mapped "{[/error],produces=[text/html]}" onto public org.springframework.web.servlet.ModelAndView org.springframework.boot.autoconfigure.web.servlet.error.BasicErrorController.errorHtml(javax.servlet.http.HttpServletRequest,javax.servlet.http.HttpServletResponse)
2020-04-24 17:26:23.398  INFO 12676 --- [main] o.s.w.s.handler.SimpleUrlHandlerMapping  : Mapped URL path [/webjars/**] onto handler of type [class org.springframework.web.servlet.resource.ResourceHttpRequestHandler]
2020-04-24 17:26:23.399  INFO 12676 --- [main] o.s.w.s.handler.SimpleUrlHandlerMapping  : Mapped URL path [/**] onto handler of type [class org.springframework.web.servlet.resource.ResourceHttpRequestHandler]
2020-04-24 17:26:23.805  INFO 12676 --- [main] o.s.j.e.a.AnnotationMBeanExporter        : Registering beans for JMX exposure on startup
2020-04-24 17:26:23.890  INFO 12676 --- [main] o.s.b.w.embedded.tomcat.TomcatWebServer  : Tomcat started on port(s): 8086 (http) with context path ''
2020-04-24 17:26:23.903  INFO 12676 --- [main] kmsg.sta.adapter.MainAdapter             : Started MainAdapter in 7.101 seconds (JVM running for 8.056)
2020-04-24 17:26:32.974  INFO 12676 --- [http-nio-8086-exec-2] o.a.c.c.C.[Tomcat].[localhost].[/]       : Initializing Spring FrameworkServlet 'dispatcherServlet'
2020-04-24 17:26:32.975  INFO 12676 --- [http-nio-8086-exec-2] o.s.web.servlet.DispatcherServlet        : FrameworkServlet 'dispatcherServlet': initialization started
2020-04-24 17:26:33.022  INFO 12676 --- [http-nio-8086-exec-2] o.s.web.servlet.DispatcherServlet        : FrameworkServlet 'dispatcherServlet': initialization completed in 47 ms
2020-04-24 17:26:33.540  WARN 12676 --- [http-nio-8086-exec-2] o.a.c.util.SessionIdGeneratorBase        : Creation of SecureRandom instance for session ID generation using [SHA1PRNG] took [401] milliseconds.
2020-04-24 17:26:33.547  INFO 12676 --- [http-nio-8086-exec-2] debug.MISlogs                            : App Login service called from amansingh16597@gmail.com
